[stderr] INFO:     Started server process [16960]
[stderr] INFO:     Waiting for application startup.
[stderr] INFO:     Application startup complete.
[stderr] INFO:     Uvicorn running on http://127.0.0.1:8765 (Press CTRL+C to quit)
INFO:     127.0.0.1:55128 - "GET /health HTTP/1.1" 200 OK
[stderr] INFO:     ('127.0.0.1', 55129) - "WebSocket /ws" [accepted]
[stderr] 2026-07-01 07:32:43 INFO     [codeboarding_pro.ws.server:258] WebSocket connected: session 0b991f4c-fe49-4044-891b-c6d81f09e1b5
[stderr] INFO:     connection open
[stderr] 2026-07-01 07:32:45 INFO     [tool_registry.manifest:320] has_required_tools: csharp missing or stale at C:\Users\lamoy\.codeboarding\servers\bin\win\pm-tools\csharp-ls\csharp-ls.exe
[stderr] 2026-07-01 07:32:46 INFO     [tool_registry.manifest:320] has_required_tools: csharp missing or stale at C:\Users\lamoy\.codeboarding\servers\bin\win\pm-tools\csharp-ls\csharp-ls.exe
[stderr] 2026-07-01 07:32:47 INFO     [tool_registry.installers:451] Installing Node.js packages: ['pyright@1.1.400', 'typescript-language-server@4.3.4', 'typescript@5.7', 'intelephense@1.16.5']
[stderr] 2026-07-01 07:32:51 INFO     [tool_registry.installers:465] Node.js packages installed successfully
[stderr] 2026-07-01 07:32:51 INFO     [tool_registry.installers:225]   tokei: already installed, skipping
[stderr] 2026-07-01 07:32:51 INFO     [tool_registry.installers:225]   gopls: already installed, skipping
[stderr] 2026-07-01 07:32:51 INFO     [tool_registry.installers:225]   rust-analyzer: already installed, skipping
[stderr] 2026-07-01 07:32:52 INFO     [tool_registry.installers:489] java already installed
[stderr] 2026-07-01 07:32:52 WARNING  [tool_registry.installers:397]   csharp-ls: dotnet install failed (exit 2147516571): The command could not be loaded, possibly because:
[stderr]   * You intended to execute a .NET application:
[stderr]       The application 'tool' does not exist or is not a managed .dll or .exe.
[stderr]   * You intended to execute a .NET SDK command:
[stderr]       No .NET SDKs were found.
[stderr] 
[stderr] Download a .NET SDK:
[stderr] https://aka.ms/dotnet/download
[stderr] 
[stderr] Learn about SDK resolution:
[stderr] https://aka.ms/dotnet/sdk-not-found
[stderr] 
[stderr] 2026-07-01 07:32:52 INFO     [codeboarding_pro.lsp.bootstrap:56] LSP startup attempt 1/3
[stderr] 2026-07-01 07:32:52 INFO     [codeboarding_pro.session:187] Session 0b991f4c-fe49-4044-891b-c6d81f09e1b5 initialized: repo=C:\Users\lamoy\Desktop\proyectos_coding\ClubAerospacialLFM, project=ClubAerospacialLFM, output=C:\Users\lamoy\Desktop\proyectos_coding\ClubAerospacialLFM\.codeboarding
[stderr] 2026-07-01 07:32:54 WARNING  [static_analyzer.typescript_config_scanner:59] No TypeScript configuration files found in C:\Users\lamoy\Desktop\proyectos_coding\ClubAerospacialLFM
[stderr] 2026-07-01 07:32:54 INFO     [static_analyzer:111] No TypeScript config files found, using repository root for JavaScript
[stderr] 2026-07-01 07:32:54 INFO     [static_analyzer:227] Starting engine LSP client for JavaScript at C:\Users\lamoy\Desktop\proyectos_coding\ClubAerospacialLFM
[stderr] 2026-07-01 07:32:55 INFO     [static_analyzer:252] JavaScript LSP start: 1.2s
[stderr] 2026-07-01 07:32:55 INFO     [codeboarding_pro.file_monitor:106] FileMonitor started for C:\Users\lamoy\Desktop\proyectos_coding\ClubAerospacialLFM
[stderr] 2026-07-01 07:32:55 INFO     [codeboarding_pro.session:205] Session 0b991f4c-fe49-4044-891b-c6d81f09e1b5: FileMonitor activated
[stderr] 2026-07-01 07:32:55 INFO     [codeboarding_pro.head_watcher:48] HeadWatcher started on C:\Users\lamoy\Desktop\proyectos_coding\ClubAerospacialLFM\.git\HEAD
[stderr] 2026-07-01 07:32:55 INFO     [codeboarding_pro.session:250] Session 0b991f4c-fe49-4044-891b-c6d81f09e1b5: LSP wiring complete
[stderr] 2026-07-01 07:32:55 INFO     [codeboarding_pro.lsp.bootstrap:67] LSP clients started successfully (attempt 1)
